#! /usr/bin/vvp
:ivl_version "0.9.7 " "(v0_9_7)";
:vpi_time_precision + 0;
:vpi_module "system";
:vpi_module "v2005_math";
:vpi_module "va_math";
S_0x2665960 .scope module, "blinkTimer" "blinkTimer" 2 3;
 .timescale 0 0;
v0x263c000_0 .var "blink", 0 0;
v0x268c720_0 .net "clk", 0 0, C4<z>; 0 drivers
v0x268c7c0_0 .var "enable", 0 0;
v0x268c860_0 .net "enable_wire", 0 0, C4<z>; 0 drivers
v0x268c910_0 .var "reset", 0 0;
v0x268c9b0_0 .net "reset_wire", 0 0, C4<z>; 0 drivers
v0x268ca90_0 .var "upCounter", 22 0;
E_0x26647c0 .event posedge, v0x268c720_0;
S_0x2665bc0 .scope module, "highdmux1to4" "highdmux1to4" 3 27;
 .timescale 0 0;
v0x268cb70_0 .net "in", 0 0, C4<z>; 0 drivers
v0x268cc30_0 .var "out", 3 0;
v0x268ccd0_0 .net "sel", 1 0, C4<zz>; 0 drivers
E_0x268c8e0 .event edge, v0x268ccd0_0, v0x268cb70_0;
S_0x26666c0 .scope module, "pedestrianSignal" "pedestrianSignal" 4 6;
 .timescale 0 0;
v0x268e000_0 .net *"_s0", 0 0, C4<1>; 1 drivers
v0x268e0c0_0 .net *"_s2", 0 0, C4<0>; 1 drivers
v0x268e160_0 .net *"_s4", 0 0, C4<0>; 1 drivers
v0x268e200_0 .net "blink", 0 0, C4<z>; 0 drivers
v0x268e2b0_0 .net "fsmHandControl", 1 0, C4<zz>; 0 drivers
v0x268e360_0 .net "fsmPersonControl", 0 0, C4<z>; 0 drivers
RS_0x7f8f16058258 .resolv tri, L_0x268f420, L_0x268f480, C4<z>, C4<z>;
v0x268e420_0 .net8 "handLED", 0 0, RS_0x7f8f16058258; 2 drivers, strength-aware
v0x268e4f0_0 .net "handMuxInput", 3 0, L_0x268e780; 1 drivers
RS_0x7f8f16058498 .resolv tri, L_0x268e990, L_0x268ea90, C4<z>, C4<z>;
v0x268e5c0_0 .net8 "personLED", 0 0, RS_0x7f8f16058498; 2 drivers, strength-aware
L_0x268e780 .concat [ 1 1 1 1], C4<0>, C4<z>, C4<0>, C4<1>;
S_0x268dc80 .scope module, "personMux" "mux2to1" 4 19, 3 4, S_0x26666c0;
 .timescale 0 0;
L_0x268e990 .functor BUFIF1 1, C4<1>, C4<z>, C4<0>, C4<0>;
L_0x268ea90 .functor BUFIF0 1, C4<0>, C4<z>, C4<0>, C4<0>;
v0x268dd70_0 .net "a", 0 0, C4<1>; 1 drivers
v0x268de10_0 .net "b", 0 0, C4<0>; 1 drivers
v0x268deb0_0 .alias "out", 0 0, v0x268e5c0_0;
v0x268df50_0 .alias "sel", 0 0, v0x268e360_0;
S_0x268cd70 .scope module, "handMux" "mux4to1" 4 20, 3 14, S_0x26666c0;
 .timescale 0 0;
v0x268d940_0 .alias "a", 3 0, v0x268e4f0_0;
RS_0x7f8f160581f8 .resolv tri, L_0x268ec10, L_0x268ec70, C4<z>, C4<z>;
v0x268d9e0_0 .net8 "mux_1", 0 0, RS_0x7f8f160581f8; 2 drivers, strength-aware
RS_0x7f8f16058228 .resolv tri, L_0x268f070, L_0x268f0d0, C4<z>, C4<z>;
v0x268dab0_0 .net8 "mux_2", 0 0, RS_0x7f8f16058228; 2 drivers, strength-aware
v0x268db80_0 .alias "out", 0 0, v0x268e420_0;
v0x268dc00_0 .alias "sel", 1 0, v0x268e2b0_0;
L_0x268ed60 .part L_0x268e780, 3, 1;
L_0x268ee50 .part L_0x268e780, 2, 1;
L_0x268efd0 .part C4<zz>, 0, 1;
L_0x268f1c0 .part L_0x268e780, 1, 1;
L_0x268f380 .part C4<zz>, 0, 1;
L_0x268f570 .part C4<zz>, 1, 1;
S_0x268d5b0 .scope module, "m1" "mux2to1" 3 21, 3 4, S_0x268cd70;
 .timescale 0 0;
L_0x268ec10 .functor BUFIF1 1, L_0x268ed60, L_0x268efd0, C4<0>, C4<0>;
L_0x268ec70 .functor BUFIF0 1, L_0x268ee50, L_0x268efd0, C4<0>, C4<0>;
v0x268d6a0_0 .net "a", 0 0, L_0x268ed60; 1 drivers
v0x268d740_0 .net "b", 0 0, L_0x268ee50; 1 drivers
v0x268d7e0_0 .alias "out", 0 0, v0x268d9e0_0;
v0x268d890_0 .net "sel", 0 0, L_0x268efd0; 1 drivers
S_0x268d200 .scope module, "m2" "mux2to1" 3 22, 3 4, S_0x268cd70;
 .timescale 0 0;
L_0x268f070 .functor BUFIF1 1, L_0x268f1c0, L_0x268f380, C4<0>, C4<0>;
L_0x268f0d0 .functor BUFIF0 1, C4<x>, L_0x268f380, C4<0>, C4<0>;
v0x268d2f0_0 .net "a", 0 0, L_0x268f1c0; 1 drivers
v0x268d3b0_0 .net "b", 0 0, C4<x>; 1 drivers
v0x268d450_0 .alias "out", 0 0, v0x268dab0_0;
v0x268d500_0 .net "sel", 0 0, L_0x268f380; 1 drivers
S_0x268ce60 .scope module, "m3" "mux2to1" 3 23, 3 4, S_0x268cd70;
 .timescale 0 0;
L_0x268f420 .functor BUFIF1 1, RS_0x7f8f160581f8, L_0x268f570, C4<0>, C4<0>;
L_0x268f480 .functor BUFIF0 1, RS_0x7f8f16058228, L_0x268f570, C4<0>, C4<0>;
v0x268cf50_0 .alias "a", 0 0, v0x268d9e0_0;
v0x268d010_0 .alias "b", 0 0, v0x268dab0_0;
v0x268d0b0_0 .alias "out", 0 0, v0x268e420_0;
v0x268d150_0 .net "sel", 0 0, L_0x268f570; 1 drivers
    .scope S_0x2665960;
T_0 ;
    %set/v v0x263c000_0, 0, 1;
    %end;
    .thread T_0;
    .scope S_0x2665960;
T_1 ;
    %wait E_0x26647c0;
    %load/v 8, v0x268c860_0, 1;
    %set/v v0x268c7c0_0, 8, 1;
    %load/v 8, v0x268c9b0_0, 1;
    %set/v v0x268c910_0, 8, 1;
    %load/v 8, v0x268c910_0, 1;
    %jmp/0xz  T_1.0, 8;
    %ix/load 0, 23, 0;
    %assign/v0 v0x268ca90_0, 0, 0;
    %jmp T_1.1;
T_1.0 ;
    %load/v 8, v0x268c7c0_0, 1;
    %jmp/0xz  T_1.2, 8;
    %load/v 8, v0x268ca90_0, 23;
    %mov 31, 0, 9;
    %addi 8, 1, 32;
    %ix/load 0, 23, 0;
    %assign/v0 v0x268ca90_0, 0, 8;
T_1.2 ;
T_1.1 ;
    %load/v 8, v0x268ca90_0, 23;
    %movi 31, 5000000, 23;
    %cmp/u 8, 31, 23;
    %jmp/0xz  T_1.4, 4;
    %load/v 8, v0x263c000_0, 1;
    %inv 8, 1;
    %set/v v0x263c000_0, 8, 1;
    %ix/load 0, 23, 0;
    %assign/v0 v0x268ca90_0, 0, 0;
T_1.4 ;
    %jmp T_1;
    .thread T_1;
    .scope S_0x2665bc0;
T_2 ;
    %wait E_0x268c8e0;
    %load/v 8, v0x268ccd0_0, 2;
    %cmpi/u 8, 0, 2;
    %jmp/0xz  T_2.0, 4;
    %load/v 8, v0x268cb70_0, 1;
    %ix/load 0, 0, 0;
    %set/x0 v0x268cc30_0, 8, 1;
    %jmp T_2.1;
T_2.0 ;
    %load/v 8, v0x268ccd0_0, 2;
    %cmpi/u 8, 1, 2;
    %jmp/0xz  T_2.2, 4;
    %load/v 8, v0x268cb70_0, 1;
    %ix/load 0, 1, 0;
    %set/x0 v0x268cc30_0, 8, 1;
    %jmp T_2.3;
T_2.2 ;
    %load/v 8, v0x268ccd0_0, 2;
    %cmpi/u 8, 2, 2;
    %jmp/0xz  T_2.4, 4;
    %load/v 8, v0x268cb70_0, 1;
    %ix/load 0, 2, 0;
    %set/x0 v0x268cc30_0, 8, 1;
    %jmp T_2.5;
T_2.4 ;
    %load/v 8, v0x268ccd0_0, 2;
    %cmpi/u 8, 3, 2;
    %jmp/0xz  T_2.6, 4;
    %load/v 8, v0x268cb70_0, 1;
    %ix/load 0, 3, 0;
    %set/x0 v0x268cc30_0, 8, 1;
    %jmp T_2.7;
T_2.6 ;
    %load/v 8, v0x268cb70_0, 1;
    %ix/load 0, 0, 0;
    %set/x0 v0x268cc30_0, 8, 1;
T_2.7 ;
T_2.5 ;
T_2.3 ;
T_2.1 ;
    %jmp T_2;
    .thread T_2, $push;
# The file index is used to find the file name in the following table.
:file_names 5;
    "N/A";
    "<interactive>";
    "./blink_control.v";
    "./mux.v";
    "pedestrian_signal.v";
